<?xml version="1.0" encoding="UTF-8"?>
<!-- Generated by org.testng.reporters.JUnitReportReporter -->
<testsuite skipped="0" hostname="DESKTOP-1IL03V1" name="LogoutTest" tests="1" failures="0" timestamp="03 Jul 2019 23:04:25 GMT" time="16.828" errors="0">
  <testcase name="logoutTest" time="16.828" classname="LogoutTest"/>
</testsuite> <!-- LogoutTest -->
