<?xml version="1.0" encoding="UTF-8"?>
<!-- Generated by org.testng.reporters.JUnitReportReporter -->
<testsuite skipped="3" hostname="DESKTOP-1IL03V1" name="TestID01_Test" tests="4" failures="0" timestamp="02 Jul 2019 20:34:45 GMT" time="12.106" errors="0">
  <testcase name="forgotPwdTest" time="12.106" classname="TestID01_Test"/>
  <testcase name="incorrectEmailTest" classname="TestID01_Test">
    <skipped/>
  </testcase> <!-- incorrectEmailTest -->
  <testcase name="incorrectPasswordTest" classname="TestID01_Test">
    <skipped/>
  </testcase> <!-- incorrectPasswordTest -->
  <testcase name="loginTest" classname="TestID01_Test">
    <skipped/>
  </testcase> <!-- loginTest -->
</testsuite> <!-- TestID01_Test -->
