<?xml version="1.0" encoding="UTF-8"?>
<!-- Generated by org.testng.reporters.JUnitReportReporter -->
<testsuite skipped="0" hostname="DESKTOP-1IL03V1" name="TestID06_Test" tests="1" failures="0" timestamp="06 Jul 2019 16:33:12 GMT" time="20.703" errors="0">
  <testcase name="uploadProfileImageTest" time="20.703" classname="TestID06_Test"/>
</testsuite> <!-- TestID06_Test -->
