<?xml version="1.0" encoding="UTF-8"?>
<!-- Generated by org.testng.reporters.JUnitReportReporter -->
<testsuite skipped="1" hostname="DESKTOP-1IL03V1" name="TestID08_Test" tests="2" failures="0" timestamp="06 Jul 2019 16:21:08 GMT" time="40.181" errors="0">
  <testcase name="addOrg_paidVersionTest" time="40.181" classname="TestID08_Test"/>
  <testcase name="addAnotherOrgTest" classname="TestID08_Test">
    <skipped/>
  </testcase> <!-- addAnotherOrgTest -->
</testsuite> <!-- TestID08_Test -->
